<?xml version="1.0" encoding="UTF-8"?>
<!-- Generated by org.testng.reporters.JUnitXMLReporter -->
<testsuite hostname="AK" ignored="0" name="Default test" tests="3" failures="0" timestamp="2022-08-02T16:22:24 IST" time="0.074" errors="0">
  <testcase name="mountain_tree" time="0.016" classname="com.google.msedge.opening.test20"/>
  <testcase name="forest_tree" time="0.0" classname="com.google.msedge.opening.test20"/>
  <testcase name="plant_root" time="0.0" classname="com.google.msedge.opening.test20"/>
</testsuite> <!-- Default test -->
