<?xml version="1.0" encoding="UTF-8"?>
<testng-results skipped="0" failed="0" ignored="0" total="3" passed="3">
  <reporter-output>
  </reporter-output>
  <suite name="Default suite" duration-ms="74" started-at="2022-08-02T16:22:24 IST" finished-at="2022-08-02T16:22:24 IST">
    <groups>
    </groups>
    <test name="Default test" duration-ms="74" started-at="2022-08-02T16:22:24 IST" finished-at="2022-08-02T16:22:24 IST">
      <class name="com.google.msedge.opening.test20">
        <test-method status="PASS" signature="mountain_tree()[pri:0, instance:com.google.msedge.opening.test20@1f57539]" name="mountain_tree" duration-ms="16" started-at="2022-08-02T16:22:24 IST" finished-at="2022-08-02T16:22:24 IST">
          <reporter-output>
          </reporter-output>
        </test-method> <!-- mountain_tree -->
        <test-method status="PASS" signature="forest_tree()[pri:1, instance:com.google.msedge.opening.test20@1f57539]" name="forest_tree" duration-ms="0" started-at="2022-08-02T16:22:24 IST" finished-at="2022-08-02T16:22:24 IST">
          <reporter-output>
          </reporter-output>
        </test-method> <!-- forest_tree -->
        <test-method status="PASS" signature="plant_root()[pri:2, instance:com.google.msedge.opening.test20@1f57539]" name="plant_root" duration-ms="0" started-at="2022-08-02T16:22:24 IST" depends-on-methods="com.google.msedge.opening.test20.forest_tree" finished-at="2022-08-02T16:22:24 IST">
          <reporter-output>
          </reporter-output>
        </test-method> <!-- plant_root -->
      </class> <!-- com.google.msedge.opening.test20 -->
    </test> <!-- Default test -->
  </suite> <!-- Default suite -->
</testng-results>
